2023-03-02 09:19:15 [main] INFO  c.m.t.t.k.s.TwitterToKafkaServiceApplication - Starting TwitterToKafkaServiceApplication using Java 17.0.6 with PID 19135 (/home/ngel/Projects/java_lab/springboot_lab/microservice/twitter-to-kafka-servcie/target/classes started by ngel in /home/ngel/Projects/java_lab/springboot_lab/microservice)
2023-03-02 09:19:15 [main] INFO  c.m.t.t.k.s.TwitterToKafkaServiceApplication - No active profile set, falling back to 1 default profile: "default"
2023-03-02 09:19:16 [main] INFO  c.m.t.t.k.s.TwitterToKafkaServiceApplication - Started TwitterToKafkaServiceApplication in 0.85 seconds (process running for 1.522)
2023-03-02 09:19:16 [main] INFO  c.m.t.t.k.s.TwitterToKafkaServiceApplication - App started
2023-03-02 09:19:16 [main] INFO  c.m.t.t.k.s.TwitterToKafkaServiceApplication - [Java, MircoServices, Spring, kafka, ElasticSearch]
2023-03-02 09:19:16 [main] INFO  c.m.t.t.k.s.TwitterToKafkaServiceApplication - Welcome! this is my test
2023-03-02 09:19:16 [main] INFO  c.m.t.t.k.s.r.i.TwitterV2KafkaStreamRunner - Created filter for twitter stream for keywords: [Java, MircoServices, Spring, kafka, ElasticSearch]
2023-03-02 09:19:16 [main] INFO  o.s.b.a.l.ConditionEvaluationReportLogger - 

Error starting ApplicationContext. To display the condition evaluation report re-run your application with 'debug' enabled.
2023-03-02 09:19:16 [main] ERROR o.s.boot.SpringApplication - Application run failed
java.lang.IllegalStateException: Failed to execute CommandLineRunner
	at org.springframework.boot.SpringApplication.callRunner(SpringApplication.java:772)
	at org.springframework.boot.SpringApplication.callRunners(SpringApplication.java:753)
	at org.springframework.boot.SpringApplication.run(SpringApplication.java:317)
	at org.springframework.boot.SpringApplication.run(SpringApplication.java:1304)
	at org.springframework.boot.SpringApplication.run(SpringApplication.java:1293)
	at com.microservice.twitter.to.kafka.service.TwitterToKafkaServiceApplication.main(TwitterToKafkaServiceApplication.java:31)
Caused by: java.lang.NullPointerException: Cannot invoke "String.length()" because "this.input" is null
	at java.base/java.net.URI$Parser.parse(URI.java:3165)
	at java.base/java.net.URI.<init>(URI.java:623)
	at org.apache.http.client.utils.URIBuilder.<init>(URIBuilder.java:82)
	at com.microservice.twitter.to.kafka.service.runner.impl.TwitterV2StreamHelper.getRules(TwitterV2StreamHelper.java:150)
	at com.microservice.twitter.to.kafka.service.runner.impl.TwitterV2StreamHelper.setupRules(TwitterV2StreamHelper.java:108)
	at com.microservice.twitter.to.kafka.service.runner.impl.TwitterV2KafkaStreamRunner.start(TwitterV2KafkaStreamRunner.java:40)
	at com.microservice.twitter.to.kafka.service.TwitterToKafkaServiceApplication.run(TwitterToKafkaServiceApplication.java:39)
	at org.springframework.boot.SpringApplication.callRunner(SpringApplication.java:769)
	... 5 common frames omitted
